<?xml version="1.0" encoding="UTF-8"?>
<testsuite name="pl.edu.agh.internetshop.MoneyTransferTest" tests="3" skipped="0" failures="0" errors="0" timestamp="2023-05-15T15:42:54" hostname="LAPTOP-LQ0MESR8" time="0.001">
  <properties/>
  <testcase name="testCreation()" classname="pl.edu.agh.internetshop.MoneyTransferTest" time="0.0"/>
  <testcase name="testCheckCommitFlagWithoutCommitting()" classname="pl.edu.agh.internetshop.MoneyTransferTest" time="0.001"/>
  <testcase name="testCheckCommitFlagWithCommitting()" classname="pl.edu.agh.internetshop.MoneyTransferTest" time="0.0"/>
  <system-out><![CDATA[]]></system-out>
  <system-err><![CDATA[]]></system-err>
</testsuite>
