<?xml version="1.0" encoding="UTF-8"?>
<testsuite name="pl.edu.agh.internetshop.TotalPriceSsTest" tests="2" skipped="0" failures="0" errors="0" timestamp="2023-05-15T15:42:54" hostname="LAPTOP-LQ0MESR8" time="0.004">
  <properties/>
  <testcase name="notSameTotalPrice()" classname="pl.edu.agh.internetshop.TotalPriceSsTest" time="0.002"/>
  <testcase name="sameTotalPrice()" classname="pl.edu.agh.internetshop.TotalPriceSsTest" time="0.001"/>
  <system-out><![CDATA[]]></system-out>
  <system-err><![CDATA[]]></system-err>
</testsuite>
